This is pdfTeX, Version 3.141592653-2.6-1.40.22 (TeX Live 2021) (preloaded format=pdflatex 2021.4.6)  6 APR 2021 21:36
entering extended mode
 restricted \write18 enabled.
 %&-line parsing enabled.
**josis_template.tex
(./josis_template.tex
LaTeX2e <2020-10-01> patch level 4
L3 programming layer <2021-02-18> (./josis.cls
Document Class: josis 2009/08/12 v1.1 Journal of Spatial Information Science
(/home/robin/.TinyTeX/texmf-dist/tex/latex/base/article.cls
Document Class: article 2020/04/10 v1.4m Standard LaTeX document class
(/home/robin/.TinyTeX/texmf-dist/tex/latex/base/size10.clo
File: size10.clo 2020/04/10 v1.4m Standard LaTeX file (size option)
)
\c@part=\count179
\c@section=\count180
\c@subsection=\count181
\c@subsubsection=\count182
\c@paragraph=\count183
\c@subparagraph=\count184
\c@figure=\count185
\c@table=\count186
\abovecaptionskip=\skip47
\belowcaptionskip=\skip48
\bibindent=\dimen138
) (/home/robin/.TinyTeX/texmf-dist/tex/latex/psnfss/palatino.sty
Package: palatino 2020/03/25 PSNFSS-v9.3 (SPQR) 
) (/home/robin/.TinyTeX/texmf-dist/tex/latex/amsmath/amsmath.sty
Package: amsmath 2020/09/23 v2.17i AMS math features
\@mathmargin=\skip49
For additional information on amsmath, use the `?' option.
(/home/robin/.TinyTeX/texmf-dist/tex/latex/amsmath/amstext.sty
Package: amstext 2000/06/29 v2.01 AMS text
(/home/robin/.TinyTeX/texmf-dist/tex/latex/amsmath/amsgen.sty
File: amsgen.sty 1999/11/30 v2.0 generic functions
\@emptytoks=\toks15
\ex@=\dimen139
)) (/home/robin/.TinyTeX/texmf-dist/tex/latex/amsmath/amsbsy.sty
Package: amsbsy 1999/11/29 v1.2d Bold Symbols
\pmbraise@=\dimen140
) (/home/robin/.TinyTeX/texmf-dist/tex/latex/amsmath/amsopn.sty
Package: amsopn 2016/03/08 v2.02 operator names
)
\inf@bad=\count187
LaTeX Info: Redefining \frac on input line 234.
\uproot@=\count188
\leftroot@=\count189
LaTeX Info: Redefining \overline on input line 399.
\classnum@=\count190
\DOTSCASE@=\count191
LaTeX Info: Redefining \ldots on input line 496.
LaTeX Info: Redefining \dots on input line 499.
LaTeX Info: Redefining \cdots on input line 620.
\Mathstrutbox@=\box47
\strutbox@=\box48
\big@size=\dimen141
LaTeX Font Info:    Redeclaring font encoding OML on input line 743.
LaTeX Font Info:    Redeclaring font encoding OMS on input line 744.
\macc@depth=\count192
\c@MaxMatrixCols=\count193
\dotsspace@=\muskip16
\c@parentequation=\count194
\dspbrk@lvl=\count195
\tag@help=\toks16
\row@=\count196
\column@=\count197
\maxfields@=\count198
\andhelp@=\toks17
\eqnshift@=\dimen142
\alignsep@=\dimen143
\tagshift@=\dimen144
\tagwidth@=\dimen145
\totwidth@=\dimen146
\lineht@=\dimen147
\@envbody=\toks18
\multlinegap=\skip50
\multlinetaggap=\skip51
\mathdisplay@stack=\toks19
LaTeX Info: Redefining \[ on input line 2923.
LaTeX Info: Redefining \] on input line 2924.
) (/home/robin/.TinyTeX/texmf-dist/tex/latex/amscls/amsthm.sty
Package: amsthm 2020/05/29 v2.20.6
\thm@style=\toks20
\thm@bodyfont=\toks21
\thm@headfont=\toks22
\thm@notefont=\toks23
\thm@headpunct=\toks24
\thm@preskip=\skip52
\thm@postskip=\skip53
\thm@headsep=\skip54
\dth@everypar=\toks25
) (/home/robin/.TinyTeX/texmf-dist/tex/latex/amsfonts/amssymb.sty
Package: amssymb 2013/01/14 v3.01 AMS font symbols
(/home/robin/.TinyTeX/texmf-dist/tex/latex/amsfonts/amsfonts.sty
Package: amsfonts 2013/01/14 v3.01 Basic AMSFonts support
\symAMSa=\mathgroup4
\symAMSb=\mathgroup5
LaTeX Font Info:    Redeclaring math symbol \hbar on input line 98.
LaTeX Font Info:    Overwriting math alphabet `\mathfrak' in version `bold'
(Font)                  U/euf/m/n --> U/euf/b/n on input line 106.
)) (/home/robin/.TinyTeX/texmf-dist/tex/latex/graphics/graphicx.sty
Package: graphicx 2020/09/09 v1.2b Enhanced LaTeX Graphics (DPC,SPQR)
(/home/robin/.TinyTeX/texmf-dist/tex/latex/graphics/keyval.sty
Package: keyval 2014/10/28 v1.15 key=value parser (DPC)
\KV@toks@=\toks26
) (/home/robin/.TinyTeX/texmf-dist/tex/latex/graphics/graphics.sty
Package: graphics 2020/08/30 v1.4c Standard LaTeX Graphics (DPC,SPQR)
(/home/robin/.TinyTeX/texmf-dist/tex/latex/graphics/trig.sty
Package: trig 2016/01/03 v1.10 sin cos tan (DPC)
) (/home/robin/.TinyTeX/texmf-dist/tex/latex/graphics-cfg/graphics.cfg
File: graphics.cfg 2016/06/04 v1.11 sample graphics configuration
)
Package graphics Info: Driver file: pdftex.def on input line 105.
(/home/robin/.TinyTeX/texmf-dist/tex/latex/graphics-def/pdftex.def
File: pdftex.def 2020/10/05 v1.2a Graphics/color driver for pdftex
))
\Gin@req@height=\dimen148
\Gin@req@width=\dimen149
) (/home/robin/.TinyTeX/texmf-dist/tex/latex/url/url.sty
\Urlmuskip=\muskip17
Package: url 2013/09/16  ver 3.4  Verb mode for urls, etc.
) (/home/robin/.TinyTeX/texmf-dist/tex/latex/crop/crop.sty
Package: crop 2017/11/19 1.10 crop marks (mf)
(/home/robin/.TinyTeX/texmf-dist/tex/generic/iftex/ifluatex.sty
Package: ifluatex 2019/10/25 v1.5 ifluatex legacy package. Use iftex instead.
(/home/robin/.TinyTeX/texmf-dist/tex/generic/iftex/iftex.sty
Package: iftex 2020/03/06 v1.0d TeX engine tests
))
\stockwidth=\dimen150
\stockheight=\dimen151
\CROP@index=\count199
(/home/robin/.TinyTeX/texmf-dist/tex/latex/graphics/color.sty
Package: color 2020/02/24 v1.2b Standard LaTeX Color (DPC)
(/home/robin/.TinyTeX/texmf-dist/tex/latex/graphics-cfg/color.cfg
File: color.cfg 2016/01/02 v1.6 sample color configuration
)
Package color Info: Driver file: pdftex.def on input line 147.
)
\CROP@offset=\count266
Package crop Info: Local config file crop.cfg used on input line 622.
(/home/robin/.TinyTeX/texmf-dist/tex/xelatex/xetexconfig/crop.cfg)) (/home/robi
n/.TinyTeX/texmf-dist/tex/latex/preprint/authblk.sty
Package: authblk 2001/02/27 1.3 (PWD)
\affilsep=\skip55
\@affilsep=\skip56
\c@Maxaffil=\count267
\c@authors=\count268
\c@affil=\count269
) (/home/robin/.TinyTeX/texmf-dist/tex/latex/cclicenses/cclicenses.sty
Package: cclicenses 2005/05/20 v0.4 CC licenses typesetting
(/home/robin/.TinyTeX/texmf-dist/tex/latex/graphics/rotating.sty
Package: rotating 2016/08/11 v2.16d rotated objects in LaTeX
(/home/robin/.TinyTeX/texmf-dist/tex/latex/base/ifthen.sty
Package: ifthen 2014/09/29 v1.1c Standard LaTeX ifthen package (DPC)
)
\c@r@tfl@t=\count270
\rotFPtop=\skip57
\rotFPbot=\skip58
\rot@float@box=\box49
\rot@mess@toks=\toks27
)
\chardim=\dimen152
\hdim=\dimen153
\htmp=\dimen154
\hpos=\count271
\vpos=\count272
)
\josis@hpadding=\skip59
\josis@documentheight=\skip60
\josis@vpadding=\skip61
\josis@bannerwidth=\skip62
\josis@footerheight=\skip63
LaTeX Font Info:    Trying to load font information for OT1+ptm on input line 3
18.
(/home/robin/.TinyTeX/texmf-dist/tex/latex/psnfss/ot1ptm.fd
File: ot1ptm.fd 2001/06/04 font definitions for OT1/ptm.
)) (/home/robin/.TinyTeX/texmf-dist/tex/latex/hyperref/hyperref.sty
Package: hyperref 2021-02-27 v7.00k Hypertext links for LaTeX
(/home/robin/.TinyTeX/texmf-dist/tex/generic/ltxcmds/ltxcmds.sty
Package: ltxcmds 2020-05-10 v1.25 LaTeX kernel commands for general use (HO)
) (/home/robin/.TinyTeX/texmf-dist/tex/generic/pdftexcmds/pdftexcmds.sty
Package: pdftexcmds 2020-06-27 v0.33 Utility functions of pdfTeX for LuaTeX (HO
)
(/home/robin/.TinyTeX/texmf-dist/tex/generic/infwarerr/infwarerr.sty
Package: infwarerr 2019/12/03 v1.5 Providing info/warning/error messages (HO)
)
Package pdftexcmds Info: \pdf@primitive is available.
Package pdftexcmds Info: \pdf@ifprimitive is available.
Package pdftexcmds Info: \pdfdraftmode found.
) (/home/robin/.TinyTeX/texmf-dist/tex/generic/kvsetkeys/kvsetkeys.sty
Package: kvsetkeys 2019/12/15 v1.18 Key value parser (HO)
) (/home/robin/.TinyTeX/texmf-dist/tex/generic/kvdefinekeys/kvdefinekeys.sty
Package: kvdefinekeys 2019-12-19 v1.6 Define keys (HO)
) (/home/robin/.TinyTeX/texmf-dist/tex/generic/pdfescape/pdfescape.sty
Package: pdfescape 2019/12/09 v1.15 Implements pdfTeX's escape features (HO)
) (/home/robin/.TinyTeX/texmf-dist/tex/latex/hycolor/hycolor.sty
Package: hycolor 2020-01-27 v1.10 Color options for hyperref/bookmark (HO)
) (/home/robin/.TinyTeX/texmf-dist/tex/latex/letltxmacro/letltxmacro.sty
Package: letltxmacro 2019/12/03 v1.6 Let assignment for LaTeX macros (HO)
) (/home/robin/.TinyTeX/texmf-dist/tex/latex/auxhook/auxhook.sty
Package: auxhook 2019-12-17 v1.6 Hooks for auxiliary files (HO)
) (/home/robin/.TinyTeX/texmf-dist/tex/latex/kvoptions/kvoptions.sty
Package: kvoptions 2020-10-07 v3.14 Key value format for package options (HO)
)
\@linkdim=\dimen155
\Hy@linkcounter=\count273
\Hy@pagecounter=\count274
(/home/robin/.TinyTeX/texmf-dist/tex/latex/hyperref/pd1enc.def
File: pd1enc.def 2021-02-27 v7.00k Hyperref: PDFDocEncoding definition (HO)
Now handling font encoding PD1 ...
... no UTF-8 mapping file for font encoding PD1
) (/home/robin/.TinyTeX/texmf-dist/tex/latex/hyperref/hyperref-langpatches.def
File: hyperref-langpatches.def 2021-02-27 v7.00k Hyperref: patches for babel la
nguages
) (/home/robin/.TinyTeX/texmf-dist/tex/generic/intcalc/intcalc.sty
Package: intcalc 2019/12/15 v1.3 Expandable calculations with integers (HO)
) (/home/robin/.TinyTeX/texmf-dist/tex/generic/etexcmds/etexcmds.sty
Package: etexcmds 2019/12/15 v1.7 Avoid name clashes with e-TeX commands (HO)
)
\Hy@SavedSpaceFactor=\count275
(/home/robin/.TinyTeX/texmf-dist/tex/latex/hyperref/puenc.def
File: puenc.def 2021-02-27 v7.00k Hyperref: PDF Unicode definition (HO)
Now handling font encoding PU ...
... no UTF-8 mapping file for font encoding PU
)
Package hyperref Info: Hyper figures OFF on input line 4192.
Package hyperref Info: Link nesting OFF on input line 4197.
Package hyperref Info: Hyper index ON on input line 4200.
Package hyperref Info: Plain pages OFF on input line 4207.
Package hyperref Info: Backreferencing OFF on input line 4212.
Package hyperref Info: Implicit mode ON; LaTeX internals redefined.
Package hyperref Info: Bookmarks ON on input line 4445.
\c@Hy@tempcnt=\count276
LaTeX Info: Redefining \url on input line 4804.
\XeTeXLinkMargin=\dimen156
(/home/robin/.TinyTeX/texmf-dist/tex/generic/bitset/bitset.sty
Package: bitset 2019/12/09 v1.3 Handle bit-vector datatype (HO)
(/home/robin/.TinyTeX/texmf-dist/tex/generic/bigintcalc/bigintcalc.sty
Package: bigintcalc 2019/12/15 v1.5 Expandable calculations on big integers (HO
)
))
\Fld@menulength=\count277
\Field@Width=\dimen157
\Fld@charsize=\dimen158
Package hyperref Info: Hyper figures OFF on input line 6075.
Package hyperref Info: Link nesting OFF on input line 6080.
Package hyperref Info: Hyper index ON on input line 6083.
Package hyperref Info: backreferencing OFF on input line 6090.
Package hyperref Info: Link coloring OFF on input line 6095.
Package hyperref Info: Link coloring with OCG OFF on input line 6100.
Package hyperref Info: PDF/A mode OFF on input line 6105.
LaTeX Info: Redefining \ref on input line 6145.
LaTeX Info: Redefining \pageref on input line 6149.
(/home/robin/.TinyTeX/texmf-dist/tex/latex/base/atbegshi-ltx.sty
Package: atbegshi-ltx 2020/08/17 v1.0a Emulation of the original atbegshi packa
ge
with kernel methods
)
\Hy@abspage=\count278
\c@Item=\count279
\c@Hfootnote=\count280
)
Package hyperref Info: Driver (autodetected): hpdftex.
(/home/robin/.TinyTeX/texmf-dist/tex/latex/hyperref/hpdftex.def
File: hpdftex.def 2021-02-27 v7.00k Hyperref driver for pdfTeX
(/home/robin/.TinyTeX/texmf-dist/tex/latex/base/atveryend-ltx.sty
Package: atveryend-ltx 2020/08/19 v1.0a Emulation of the original atvery packag
e
with kernel methods
)
\Fld@listcount=\count281
\c@bookmark@seq@number=\count282
(/home/robin/.TinyTeX/texmf-dist/tex/latex/rerunfilecheck/rerunfilecheck.sty
Package: rerunfilecheck 2019/12/05 v1.9 Rerun checks for auxiliary files (HO)
(/home/robin/.TinyTeX/texmf-dist/tex/generic/uniquecounter/uniquecounter.sty
Package: uniquecounter 2019/12/15 v1.4 Provide unlimited unique counter (HO)
)
Package uniquecounter Info: New unique counter `rerunfilecheck' on input line 2
86.
)
\Hy@SectionHShift=\skip64
) (/home/robin/.TinyTeX/texmf-dist/tex/latex/breakurl/breakurl.sty
Package: breakurl 2013/04/10 v1.40 Breakable hyperref URLs
(/home/robin/.TinyTeX/texmf-dist/tex/latex/xkeyval/xkeyval.sty
Package: xkeyval 2020/11/20 v2.8 package option processing (HA)
(/home/robin/.TinyTeX/texmf-dist/tex/generic/xkeyval/xkeyval.tex (/home/robin/.
TinyTeX/texmf-dist/tex/generic/xkeyval/xkvutils.tex
\XKV@toks=\toks28
\XKV@tempa@toks=\toks29
)
\XKV@depth=\count283
File: xkeyval.tex 2014/12/03 v2.7a key=value parser (HA)
)) (/home/robin/.TinyTeX/texmf-dist/tex/generic/iftex/ifpdf.sty
Package: ifpdf 2019/10/25 v3.4 ifpdf legacy package. Use iftex instead.
)

Package breakurl Warning: You are using breakurl while processing via pdflatex.

(breakurl)                \burl will be just a synonym of \url.
(breakurl)                 on input line 48.

) (/home/robin/.TinyTeX/texmf-dist/tex/latex/booktabs/booktabs.sty
Package: booktabs 2020/01/12 v1.61803398 Publication quality tables
\heavyrulewidth=\dimen159
\lightrulewidth=\dimen160
\cmidrulewidth=\dimen161
\belowrulesep=\dimen162
\belowbottomsep=\dimen163
\aboverulesep=\dimen164
\abovetopsep=\dimen165
\cmidrulesep=\dimen166
\cmidrulekern=\dimen167
\defaultaddspace=\dimen168
\@cmidla=\count284
\@cmidlb=\count285
\@aboverulesep=\dimen169
\@belowrulesep=\dimen170
\@thisruleclass=\count286
\@lastruleclass=\count287
\@thisrulewidth=\dimen171
) (/home/robin/.TinyTeX/texmf-dist/tex/latex/stmaryrd/stmaryrd.sty
Package: stmaryrd 1994/03/03 St Mary's Road symbol package
\symstmry=\mathgroup6
LaTeX Font Info:    Overwriting symbol font `stmry' in version `bold'
(Font)                  U/stmry/m/n --> U/stmry/b/n on input line 89.
) (/home/robin/.TinyTeX/texmf-dist/tex/latex/base/fontenc.sty
Package: fontenc 2020/08/10 v2.0s Standard LaTeX package
LaTeX Font Info:    Trying to load font information for T1+ppl on input line 11
2.
(/home/robin/.TinyTeX/texmf-dist/tex/latex/psnfss/t1ppl.fd
File: t1ppl.fd 2001/06/04 font definitions for T1/ppl.
)) (/home/robin/.TinyTeX/texmf-dist/tex/latex/cite/cite.sty
LaTeX Info: Redefining \cite on input line 302.
LaTeX Info: Redefining \nocite on input line 332.
Package: cite 2015/02/27  v 5.5
) (/home/robin/.TinyTeX/texmf-dist/tex/latex/algorithms/algorithm.sty
Package: algorithm 2009/08/24 v0.1 Document Style `algorithm' - floating enviro
nment
(/home/robin/.TinyTeX/texmf-dist/tex/latex/float/float.sty
Package: float 2001/11/08 v1.3d Float enhancements (AL)
\c@float@type=\count288
\float@exts=\toks30
\float@box=\box50
\@float@everytoks=\toks31
\@floatcapt=\box51
)
\@float@every@algorithm=\toks32
\c@algorithm=\count289
) (/home/robin/.TinyTeX/texmf-dist/tex/latex/algorithmicx/algpseudocode.sty
Package: algpseudocode 
(/home/robin/.TinyTeX/texmf-dist/tex/latex/algorithmicx/algorithmicx.sty
Package: algorithmicx 2005/04/27 v1.2 Algorithmicx
Document Style algorithmicx 1.2 - a greatly improved `algorithmic' style
\c@ALG@line=\count290
\c@ALG@rem=\count291
\c@ALG@nested=\count292
\ALG@tlm=\skip65
\ALG@thistlm=\skip66
\c@ALG@Lnr=\count293
\c@ALG@blocknr=\count294
\c@ALG@storecount=\count295
\c@ALG@tmpcounter=\count296
\ALG@tmplength=\skip67
)
Document Style - pseudocode environments for use with the `algorithmicx' style
) (/home/robin/.TinyTeX/texmf-dist/tex/latex/xcolor/xcolor.sty
Package: xcolor 2016/05/11 v2.12 LaTeX color extensions (UK)
(/home/robin/.TinyTeX/texmf-dist/tex/latex/graphics-cfg/color.cfg
File: color.cfg 2016/01/02 v1.6 sample color configuration
)
Package xcolor Info: Driver file: pdftex.def on input line 225.
(/home/robin/.TinyTeX/texmf-dist/tex/latex/colortbl/colortbl.sty
Package: colortbl 2020/01/04 v1.0e Color table columns (DPC)
(/home/robin/.TinyTeX/texmf-dist/tex/latex/tools/array.sty
Package: array 2020/10/01 v2.5c Tabular extension package (FMi)
\col@sep=\dimen172
\ar@mcellbox=\box52
\extrarowheight=\dimen173
\NC@list=\toks33
\extratabsurround=\skip68
\backup@length=\skip69
\ar@cellbox=\box53
)
\everycr=\toks34
\minrowclearance=\skip70
)
LaTeX Info: Redefining \color on input line 709.
\rownum=\count297
Package xcolor Info: Model `cmy' substituted by `cmy0' on input line 1348.
Package xcolor Info: Model `hsb' substituted by `rgb' on input line 1352.
Package xcolor Info: Model `RGB' extended on input line 1364.
Package xcolor Info: Model `HTML' substituted by `rgb' on input line 1366.
Package xcolor Info: Model `Hsb' substituted by `hsb' on input line 1367.
Package xcolor Info: Model `tHsb' substituted by `hsb' on input line 1368.
Package xcolor Info: Model `HSB' substituted by `hsb' on input line 1369.
Package xcolor Info: Model `Gray' substituted by `gray' on input line 1370.
Package xcolor Info: Model `wave' substituted by `hsb' on input line 1371.
)
Package hyperref Info: Option `colorlinks' set `true' on input line 101.
(/home/robin/.TinyTeX/texmf-dist/tex/latex/l3backend/l3backend-pdftex.def
File: l3backend-pdftex.def 2021-03-18 L3 backend support: PDF output (pdfTeX)
\l__color_backend_stack_int=\count298
\l__pdf_internal_box=\box54
) (./josis_template.aux)
\openout1 = `josis_template.aux'.

LaTeX Font Info:    Checking defaults for OML/cmm/m/it on input line 108.
LaTeX Font Info:    ... okay on input line 108.
LaTeX Font Info:    Checking defaults for OMS/cmsy/m/n on input line 108.
LaTeX Font Info:    ... okay on input line 108.
LaTeX Font Info:    Checking defaults for OT1/cmr/m/n on input line 108.
LaTeX Font Info:    ... okay on input line 108.
LaTeX Font Info:    Checking defaults for T1/cmr/m/n on input line 108.
LaTeX Font Info:    ... okay on input line 108.
LaTeX Font Info:    Checking defaults for TS1/cmr/m/n on input line 108.
LaTeX Font Info:    ... okay on input line 108.
LaTeX Font Info:    Checking defaults for OMX/cmex/m/n on input line 108.
LaTeX Font Info:    ... okay on input line 108.
LaTeX Font Info:    Checking defaults for U/cmr/m/n on input line 108.
LaTeX Font Info:    ... okay on input line 108.
LaTeX Font Info:    Checking defaults for PD1/pdf/m/n on input line 108.
LaTeX Font Info:    ... okay on input line 108.
LaTeX Font Info:    Checking defaults for PU/pdf/m/n on input line 108.
LaTeX Font Info:    ... okay on input line 108.
(/home/robin/.TinyTeX/texmf-dist/tex/latex/epstopdf-pkg/epstopdf-base.sty
Package: epstopdf-base 2020-01-24 v2.11 Base part for package epstopdf
Package epstopdf-base Info: Redefining graphics rule for `.eps' on input line 4
85.
(/home/robin/.TinyTeX/texmf-dist/tex/latex/latexconfig/epstopdf-sys.cfg
File: epstopdf-sys.cfg 2010/07/13 v1.3 Configuration of (r)epstopdf for TeX Liv
e
))
Package crop Info: requested driver: `' on input line 108.
Package crop Info: detected driver: `pdftex' on input line 108.
Package crop Info: using `pdftex' graphics driver on input line 108.
Package hyperref Info: Link coloring ON on input line 108.
(/home/robin/.TinyTeX/texmf-dist/tex/latex/hyperref/nameref.sty
Package: nameref 2021-04-02 v2.47 Cross-referencing by name of section
(/home/robin/.TinyTeX/texmf-dist/tex/latex/refcount/refcount.sty
Package: refcount 2019/12/15 v3.6 Data extraction from label references (HO)
) (/home/robin/.TinyTeX/texmf-dist/tex/generic/gettitlestring/gettitlestring.st
y
Package: gettitlestring 2019/12/15 v1.6 Cleanup title references (HO)
)
\c@section@level=\count299
)
LaTeX Info: Redefining \ref on input line 108.
LaTeX Info: Redefining \pageref on input line 108.
LaTeX Info: Redefining \nameref on input line 108.
(./josis_template.out) (./josis_template.out)
\@outlinefile=\write3
\openout3 = `josis_template.out'.


LaTeX Font Warning: Font shape `OT1/ptm/m/rm' undefined
(Font)              using `OT1/ptm/m/n' instead on input line 120.


Underfull \hbox (badness 10000) in paragraph at lines 120--120

 []

LaTeX Font Info:    Trying to load font information for U+msa on input line 120
.
(/home/robin/.TinyTeX/texmf-dist/tex/latex/amsfonts/umsa.fd
File: umsa.fd 2013/01/14 v3.01 AMS symbols A
)
LaTeX Font Info:    Trying to load font information for U+msb on input line 120
.
(/home/robin/.TinyTeX/texmf-dist/tex/latex/amsfonts/umsb.fd
File: umsb.fd 2013/01/14 v3.01 AMS symbols B
)
LaTeX Font Info:    Trying to load font information for U+stmry on input line 1
20.
(/home/robin/.TinyTeX/texmf-dist/tex/latex/stmaryrd/Ustmry.fd)
Package epstopdf Info: Source file: <josis_large.eps>
(epstopdf)                    date: 2021-04-06 21:30:21
(epstopdf)                    size: 14318 bytes
(epstopdf)             Output file: <josis_large-eps-converted-to.pdf>
(epstopdf)                    date: 2021-04-06 21:36:08
(epstopdf)                    size: 6017 bytes
(epstopdf)             Command: <repstopdf --outfile=josis_large-eps-converted-
to.pdf josis_large.eps>
(epstopdf)             \includegraphics on input line 148.
Package epstopdf Info: Output file is already uptodate.
<josis_large-eps-converted-to.pdf, id=65, 123.46124pt x 122.4575pt>
File: josis_large-eps-converted-to.pdf Graphic file (type pdf)
<use josis_large-eps-converted-to.pdf>
Package pdftex.def Info: josis_large-eps-converted-to.pdf  used on input line 1
48.
(pdftex.def)             Requested size: 40.32787pt x 40.0pt.

Overfull \vbox (27.46pt too high) has occurred while \output is active []

LaTeX Font Info:    Trying to load font information for TS1+ppl on input line 1
48.
(/home/robin/.TinyTeX/texmf-dist/tex/latex/psnfss/ts1ppl.fd
File: ts1ppl.fd 2001/06/04 font definitions for TS1/ppl.
)
LaTeX Font Info:    Trying to load font information for T1+phv on input line 14
8.
(/home/robin/.TinyTeX/texmf-dist/tex/latex/psnfss/t1phv.fd
File: t1phv.fd 2020/03/25 scalable font definitions for T1/phv.
)
LaTeX Font Info:    Trying to load font information for OMS+phv on input line 1
48.
(/home/robin/.TinyTeX/texmf-dist/tex/latex/psnfss/omsphv.fd
File: omsphv.fd 
)
LaTeX Font Info:    Font shape `OMS/phv/b/n' in size <9> not available
(Font)              Font shape `OMS/cmsy/b/n' tried instead on input line 148.
[1

Non-PDF special ignored!
<special> papersize=18.91cm,24.589cm
{/home/robin/.TinyTeX/texmf-var/fonts/map/pdftex/updmap/pdftex.map} <./josis_la
rge-eps-converted-to.pdf>]
Package epstopdf Info: Source file: <Figure1.eps>
(epstopdf)                    date: 2021-04-06 21:30:21
(epstopdf)                    size: 948564 bytes
(epstopdf)             Output file: <Figure1-eps-converted-to.pdf>
(epstopdf)                    date: 2021-04-06 21:36:19
(epstopdf)                    size: 297626 bytes
(epstopdf)             Command: <repstopdf --outfile=Figure1-eps-converted-to.p
df Figure1.eps>
(epstopdf)             \includegraphics on input line 180.
Package epstopdf Info: Output file is already uptodate.
<Figure1-eps-converted-to.pdf, id=82, 1381.16pt x 1132.23pt>
File: Figure1-eps-converted-to.pdf Graphic file (type pdf)
<use Figure1-eps-converted-to.pdf>
Package pdftex.def Info: Figure1-eps-converted-to.pdf  used on input line 180.
(pdftex.def)             Requested size: 398.33858pt x 326.54153pt.
Package hyperref Info: bookmark level for unknown algorithm defaults to 0 on in
put line 204.
Package epstopdf Info: Source file: <josis_small.eps>
(epstopdf)                    date: 2021-04-06 21:30:21
(epstopdf)                    size: 4559 bytes
(epstopdf)             Output file: <josis_small-eps-converted-to.pdf>
(epstopdf)                    date: 2021-04-06 21:36:20
(epstopdf)                    size: 3566 bytes
(epstopdf)             Command: <repstopdf --outfile=josis_small-eps-converted-
to.pdf josis_small.eps>
(epstopdf)             \includegraphics on input line 235.
Package epstopdf Info: Output file is already uptodate.
<josis_small-eps-converted-to.pdf, id=86, 122.4575pt x 123.46124pt>
File: josis_small-eps-converted-to.pdf Graphic file (type pdf)
<use josis_small-eps-converted-to.pdf>
Package pdftex.def Info: josis_small-eps-converted-to.pdf  used on input line 2
35.
(pdftex.def)             Requested size: 10.91045pt x 11.0pt.
[2 <./josis_small-eps-converted-to.pdf>]
Underfull \vbox (badness 10000) has occurred while \output is active []

[3pdfTeX warning (ext4): destination with the same identifier (name{figure.1}) 
has been already used, duplicate ignored
<argument> ...shipout:D \box_use:N \l_shipout_box 
                                                  
l.241 \section
              {References}pdfTeX warning (ext4): destination with the same iden
tifier (name{table.1}) has been already used, duplicate ignored
<argument> ...shipout:D \box_use:N \l_shipout_box 
                                                  
l.241 \section
              {References} <./Figure1-eps-converted-to.pdf>]
Package epstopdf Info: Source file: <josis_small.eps>
(epstopdf)                    date: 2021-04-06 21:30:21
(epstopdf)                    size: 4559 bytes
(epstopdf)             Output file: <josis_small-eps-converted-to.pdf>
(epstopdf)                    date: 2021-04-06 21:36:20
(epstopdf)                    size: 3566 bytes
(epstopdf)             Command: <repstopdf --outfile=josis_small-eps-converted-
to.pdf josis_small.eps>
(epstopdf)             \includegraphics on input line 254.
Package epstopdf Info: Output file is already uptodate.
File: josis_small-eps-converted-to.pdf Graphic file (type pdf)
<use josis_small-eps-converted-to.pdf>
Package pdftex.def Info: josis_small-eps-converted-to.pdf  used on input line 2
54.
(pdftex.def)             Requested size: 10.91045pt x 11.0pt.
[4] (./josis_template.bbl [5]
Underfull \hbox (badness 1360) in paragraph at lines 44--48
[]\T1/ppl/m/sc/10 Huck, J., Why-att, J., and Coul-ton, P.  \T1/ppl/m/n/10 Vi-su
-al-iz-ing pat-terns in spa-tially
 []


Underfull \hbox (badness 1132) in paragraph at lines 44--48
\T1/ppl/m/n/10 am-bigu-ous point data.  \T1/ppl/m/it/10 Jour-nal of Spa-tial In
-for-ma-tion Sci-ence\T1/ppl/m/n/10 , 10 (2015), 47--66.
 []


Underfull \hbox (badness 1107) in paragraph at lines 55--61
[]\T1/ppl/m/sc/10 Over, M., Schilling, A., Neubauer, S., and Zipf, A.  \T1/ppl/
m/n/10 Gen-er-at-ing web-
 []


Underfull \hbox (badness 3547) in paragraph at lines 55--61
\T1/ppl/m/n/10 based 3D city mod-els from Open-StreetMap: The cur-rent sit-u-a-
tion in Ger-
 []


Underfull \hbox (badness 5217) in paragraph at lines 55--61
\T1/ppl/m/n/10 many.  \T1/ppl/m/it/10 Com-put-ers, En-vi-ron-ment and Ur-ban Sy
s-tems 34\T1/ppl/m/n/10 , 6 (2010), 496--507.
 []

)
Package epstopdf Info: Source file: <josis_small.eps>
(epstopdf)                    date: 2021-04-06 21:30:21
(epstopdf)                    size: 4559 bytes
(epstopdf)             Output file: <josis_small-eps-converted-to.pdf>
(epstopdf)                    date: 2021-04-06 21:36:20
(epstopdf)                    size: 3566 bytes
(epstopdf)             Command: <repstopdf --outfile=josis_small-eps-converted-
to.pdf josis_small.eps>
(epstopdf)             \includegraphics on input line 267.
Package epstopdf Info: Output file is already uptodate.
File: josis_small-eps-converted-to.pdf Graphic file (type pdf)
<use josis_small-eps-converted-to.pdf>
Package pdftex.def Info: josis_small-eps-converted-to.pdf  used on input line 2
67.
(pdftex.def)             Requested size: 10.91045pt x 11.0pt.
[6] (./josis_template.aux)

LaTeX Font Warning: Some font shapes were not available, defaults substituted.

Package rerunfilecheck Info: File `josis_template.out' has not changed.
(rerunfilecheck)             Checksum: D4C1349D32DC63EC0753B90926AA839C;1702.
 ) 
Here is how much of TeX's memory you used:
 11457 strings out of 480954
 161618 string characters out of 5907138
 465693 words of memory out of 5000000
 28371 multiletter control sequences out of 15000+600000
 446570 words of font info for 107 fonts, out of 8000000 for 9000
 14 hyphenation exceptions out of 8191
 83i,11n,88p,935b,442s stack positions out of 5000i,500n,10000p,200000b,80000s
{/home/robin/.TinyTeX/texmf-dist/fonts/enc/dvips/base/8r.enc}</home/robin/.Ti
nyTeX/texmf-dist/fonts/type1/public/amsfonts/cmextra/cmbsy9.pfb></home/robin/.T
inyTeX/texmf-dist/fonts/type1/public/amsfonts/cm/cmbx8.pfb></home/robin/.TinyTe
X/texmf-dist/fonts/type1/public/amsfonts/cm/cmmi6.pfb></home/robin/.TinyTeX/tex
mf-dist/fonts/type1/public/amsfonts/cm/cmmi8.pfb></home/robin/.TinyTeX/texmf-di
st/fonts/type1/public/amsfonts/cm/cmr6.pfb></home/robin/.TinyTeX/texmf-dist/fon
ts/type1/public/amsfonts/cm/cmr8.pfb></home/robin/.TinyTeX/texmf-dist/fonts/typ
e1/public/amsfonts/cm/cmsy8.pfb></home/robin/.TinyTeX/texmf-dist/fonts/type1/pu
blic/amsfonts/symbols/msbm10.pfb></home/robin/.TinyTeX/texmf-dist/fonts/type1/u
rw/helvetic/uhvb8a.pfb></home/robin/.TinyTeX/texmf-dist/fonts/type1/urw/palatin
o/uplb8a.pfb></home/robin/.TinyTeX/texmf-dist/fonts/type1/urw/palatino/uplr8a.p
fb></home/robin/.TinyTeX/texmf-dist/fonts/type1/urw/palatino/uplri8a.pfb></home
/robin/.TinyTeX/texmf-dist/fonts/type1/urw/times/utmr8a.pfb></home/robin/.TinyT
eX/texmf-dist/fonts/type1/urw/times/utmr8a.pfb>
Output written on josis_template.pdf (6 pages, 461800 bytes).
PDF statistics:
 217 PDF objects out of 1000 (max. 8388607)
 189 compressed objects within 2 object streams
 38 named destinations out of 1000 (max. 500000)
 136 words of extra memory for PDF output out of 10000 (max. 10000000)

